[    0.000000] Initializing cgroup subsys cpuset
[    0.000000] Initializing cgroup subsys cpu
[    0.000000] Initializing cgroup subsys cpuacct
[    0.000000] Linux version 4.4.0-134-generic (buildd@lgw01-amd64-033) (gcc version 5.4.0 20160609 (Ubuntu 5.4.0-6ubuntu1~16.04.10) ) #160-Ubuntu SMP Wed Aug 15 14:58:00 UTC 2018 (Ubuntu 4.4.0-134.160-generic 4.4.140)
[    0.000000] Command line: BOOT_IMAGE=/boot/vmlinuz-4.4.0-134-generic root=LABEL=cloudimg-rootfs ro console=tty1 console=tty0
[    0.000000] KERNEL supported cpus
[    0000000]   Intel GenuineIntel
[    0.000000]   AMD AuthenticAMD
[    0.000000]   Centaur CentaurHauls
[    0.000000] x86/fpu: xstate_offset[2]: 576, xstate_szes[2]:  256
[    0.000000] x86/fpu: Supporting XSAVE feature 0x01: 'x87 floating point registers'
[    0.000000] x86/fpu: Supporting XSAVE feature 0x02: 'SSE registers'
[    0.000000] x86/fpu: Supportig XSAVE feature 0x04: 'AVX registers'
[    0.000000 x86/fpu: Enabled xstate feaures 0x7, context size is 832 bytes, using 'standard' format.
[    0.00000] e820: BIOS-provided physical RAM map:
[    0.000000] BIOS-e820: [mem 0x0000000000000000-0x00000000000fbff] usable
[    0.000000] BIOS-e820 [mem 0x000000000009fc00-0x000000000009ffff] reserved
[    0.000000] BIOS-e820: [mem 0x00000000000f0000-0x00000000000fffff] reserved
[    0.000000] BIOS-e820: [mem 0x0000000000100000-0x000000003ffeffff] usable
[    0.000000] BIOS-e820: [mem 0x000000003fff0000-0x000000003fffffff] ACPI data
[     0.000000] IO-e820: [mem 0x000000ffec00000-0x00000000fec00fff] reserved
[    0.00000] BIOS-e80: [mem 0x0000000fee00000-0x00000000fee00fff] reserved
[    0.000000] BIOS-e820: [mem 0x0000000fffc0000-x0000000ffffffff] reserved
[    0.000000] NX (Execute Disable) protection: active
[    0.000000] SMBIOS 2.5 present.
[    0.000000] Hypervisor detected: KVM
[    0.000000] e820: las_pfn = 0x3fff0 max_arc_pfn = 0x400000000
[    0.000000] MTRR: Disabled
[    0.00000] x86/PAT: MTRRs disabled, skipping PAT initialization too.
[    0.000000] CPU MTRRs all blank - virtualized system.
[    0.000000] x86/PAT: Configuration [0-7]: WB  WT  UC- UC  WB  WT  UC- UC  
[    0.000000] found SMP MP-table at [mem 0x0009fff0-0x0009fff] mapped at [ffff88000009fff0]
[    0.000000] Scannng 1 areas for low memory orruption
[    0.000000] RAMDISK: [mem 0x3630c000-0x3717dfff]
[    0.000000] ACPI: Early table checksum verification disabled
[    0.000000] ACPI: RSDP 0x00000000000E0000 000024 (v02 VBOX  )
[    0.000000] ACPI: XSDT 0x000000003FFF0030 00003C (v01 VBOX   VBOXXSDT 00000001 ASL  00000061)
[    0.000000] ACPI: FACP 0x000000003FFF00F0 0000F4 (v04 VBOX   VBOXFACP 00000001 ASL  00000061)
[    0.000000] ACPI: DSDT 0x000000003FFF0470 0021FF (v02 VBOX   VBOXBIOS 00000002 INTL 20100528)
[    0.000000] ACPI: FACS 0x000000003FFF0200 000040
[    0.000000] ACPI: FACS 0x000000003FFF0200 000040
[    0.000000] ACPI: APIC 0x000000003FFF0240 00005C (v02 VBOX   VBOXAPIC 00000001 ASL  00000061)
[    0.000000] ACPI: SSDT 0x000000003FFF02A0 0001CC (v01 VBOX   VBOXCPUT 00000002 INTL 20100528)
[    0.000000] No NUMA configuration found
[    0.000000] Faking a node at [mem 0x0000000000000000-0x000000003ffeffff]
[    0.000000] NODE_DATA(0) llocated [mem 0x3ffeb000-0x3ffeffff]
[    0.000000] kvm-clock: Using msrs 4b564d01 and 4b564d00
[    0.000000] kvm-clock: cpu 0 msr 0:3ffe3001, rimary cpu clock
    0.00000] kvm-lock: using sched offset of 3700825366 cycles
[    0.000000] clocksource: kvm-clck: mask: 0xffffffffffffffff max_cycles: 0x1cd42e4dffb, max_idle_ns: 881590591483 ns
[    0.000000] Zone ranges:
[    0.000000]   DMA      [mem 0x0000000000001000-0x0000000000ffffff]
[    0.000000]   DMA32    [mem 0x0000000001000000-0x000000003ffeffff]
[    0.000000]   Normal   empty
[    0.000000]   Device   empty
[    0.000000] Movable zone start for each node
[    0.000000] Early memory node ranges
[    0.000000]   node   0: [mem 0x0000000000001000-0x000000000009efff]
[    0.000000]   node   0: [mem 0x0000000000100000-0x000000003ffeffff]
[    0.000000] Initmem setup node 0 [mem 0x0000000000001000-0x000000003ffeffff]
[    0.000000] ACPI: PM-Timer IO Port: 0x4008
[    0.000000] IOAPIC[0]: apic_id 2, version 32, address 0xfec00000, GSI 0-23
[    0.000000] ACPI: INT_SRC_OVR (bus 0 bus_irq 0 global_irq 2 dfl dfl)
[    0.000000] ACPI: INT_SRC_OVR (bus 0 bus_irq 9 global_irq 9 low level)
[    0.000000] Using ACPI (MADT) for SMP configuration information
[    0.000000] smpboot: Allowing 2 CPUs, 0 hotplug CPUs
[    0.000000] PM: Registered nosave memory: [mem 0x00000000-0x00000fff]
[    0.000000] PM: Registered nosave memory: [mem 0x0009f000-0x0009ffff]
[    0.000000] PM: Registered nosave memory: [mem 0x000a0000-0x000effff]
[    0.000000] PM: Registered nosave memory: [mem 0x000f0000-0x000fffff]
[    0.000000] e820: [mem 0x40000000-0xfebfffff] available for PCI devices
[    0.000000] Booting paravirtualized kernel on KVM
[    0.000000] clocksource: refined-jiffies: mask: 0xffffffff max_cycles: 0xffffffff, max_idle_ns: 7645519600211568 ns
[    0.000000] setup_percpu: NR_CPUS:512 nr_cpumask_bits:512 nr_cpu_ids:2 nr_node_ids:1
[    0.000000] PERCPU: Embedded 34 pages/cpu @ffff88003fc00000 s99544 r8192 d31528 u1048576
[    0.000000] PV qspinlock hash table entries: 256 (order: 0, 4096 bytes)
[    0.000000] Built 1 zonelists in Node order, mobility grouping on.  Total pages: 257912
[    0.000000] Policy zone: DMA32
[    0.000000] Kernel command line: BOOT_IMAGE=/boot/vmlinuz-4.4.0-134-generic root=LABEL=cloudimg-rootfs ro console=tty1 console=ttyS0
[    0.000000] PID hash table entries: 4096 (order: 3, 32768 bytes)
[    0.000000] Memory: 997724K/1048120K available (8554K kernel code, 1314K rwdata, 4004K rodata, 1516K init, 1316K bss, 50396K reserved, 0K cma-reserved)
[    0.00000] SLUB: HWalign=64, Order=0-3, MiObject=0, CPUs=2, Nodes=1
[    0.000000] Kernel/User page tables isolation: enabled
[    0.000000] Hierarchical RCU implementation.
[    0.000000] 	Build-time adjustment of leaf fanout to 64.
[    0.000000] 	RCU restricting CPUs from NR_CPUS=512 to nr_cpu_ids=2.
[    0.000000] RCU: Adjusting geometry for rcu_fanout_leaf=64, nr_cpu_ids=2
[    0.000000] NR_IRQS:33024 nr_irqs:440 16
[    0.000000] Console: colour VGA+ 80x25
[    0.000000] console [tty1] enabled
[    0.000000] console [ttyS0] enabled
[    0.000000] tsc: Detected 1799.999 MHz processor
[    0.904174] Calibrating delay loop (skipped) preset value.. 3599.99 BogoMIPS (lpj=7199996)
[    0.907494] pid_max: default: 32768 minimum: 301
[    0.909329] ACPI: Core revision 20150930
[    0.911664] ACPI: 2 ACPI AML tables successfully acquired and loaded
[    0.913944] Security Framework initialized
[    0.915531] Yama: becoming mindful.
[    0.917080] AppArmor: AppArmor initialized
[    0.918954] Dentry cache hash table entries: 131072 (order: 8, 1048576 bytes)
[    0.924619] Inode-cache hash table entries: 65536 (order: 7, 524288 bytes)
[    0.927909] Mount-cache hash table entries: 2048 (order: 2, 16384 bytes)
[    0.948796] Mountpoint-cache hash table entries: 2048 (order: 2, 16384 bytes)
[    0.956475] Initializing cgroup subsys io
[    0.960317] Initializing cgroup subsys memory
[    0.969818] Initializing cgroup subsys devices
[    0.974713] Initializing cgroup subsys freezer
[    0.982847] Initializing cgroup subsys net_cls
[    1.008325] Initializing cgroup subsys perf_event
[    1.013662] Initializing cgroup subsys net_prio
[    1.023813] Initializing cgroup subsys hugetlb
[    1.039518] Initializing cgroup subsys pids
[    1.053240] mce: CPU supports 0 MCE banks
[    1.054812] Last level iTLB entries: 4KB 64, 2MB 8, 4MB 8
[    1.063619] Last level dTLB entries: 4KB 64, 2MB 0, 4MB 0, 1GB 4
[    1.076190] Spectre V2 : Mitigation: Full generic retpoline
[    1.078052] Spectre V2 : Speculation control IBPB not-supported IBRS not-supported
[    1.087796] Speculative Store Bypass: Vulnerable
[    1.102869] Freeing SMP alternatives memory: 32K
[    1.112963] ftrace: allocating 32266 entries in 127 pages
[    1.182241] smpboot: APIC(0) Converting physical 0 to logical package 0
[    1.202242] smpboot: Max logical packages: 1
[    1.204056] x2apic enabled
[    1.215658] Switched APIC routing to physical x2apic.
[    1.220818] ..TIMER: vector=0x30 apic1=0 pin1=2 apic2=-1 pin2=-1
[    1.335006 smpboot:CPU0: Intel(R) Core(TM) i5-5350U CPU @ 1.80GHz (family: 0x6, model: 0x33d, stepping: 0x4)
[    1.392321] Performance Events: unsupported p6 CPU model 61 no PMU driver, software events only.
[    1.407036] KVM setup paravirtual spinlock
[    1.409342] x86: Booting SMP configuration:
[    1.410976] .... node  #0, CPUs:      #1
[    1.412770] kvm-clock: cpu 1, msr 0:3ffe3041, secondary cpu clock
[    1.415884] mce: CPU supports 0 MCE banks
[    1.419228] x86: Booted up 1 node, 2 CPUs
[    1.426755] smpboot: Total of 2 processors activated (7199.99 BogoMIPS)
[    1.437333] devtmpfs: initialized
[    1.439887] evm: security.selinux
[    1.448004] evm: security.SMACK64
[    1.452961] evm: security.SMACK64EXEC
[    1.454409] evm: security.SMACK64TRANSMUTE
[    1.464546] evm: security.SMACK64MMAP
[    1.468360] evm: security.ima
[    1.476421] evm: security.capability
[    1.481289] clocksource: jiffies: mask: 0xffffffff max_cycles: 0xffffffff, max_idle_ns: 7645041785100000 ns
[    1.486498] futex hash table entries: 512 (order: 3, 32768 bytes)
[    1.496139] pinctrl core: initialized pinctrl subsystem
[    1.497931] RTC time: 10:16:32, date: 09/28/18
[    1.504522] NET: Registered protocol family 16
[    1.532372] cpuidle: using governor ladder
[    1.552512] cpuidle: using governor menu
[    1.559893] PCCT header not found.
[    1.561671] ACPI: bus type PCI registered
[    1.569310] acpiphp: ACPI Hot Plug PCI Controller Driver version: 0.5
[    1.575700] PCI: Using configuration type 1 for base access
[    1.622179] ACPI: Added _OSI(Module Device)
[    1.628136] ACPI: Added _OSI(Processor Device)
[    1.636123] ACPI: Added _OSI(3.0 _SCP Extensions)
[    1.640771] ACPI: Added _OSI(Processor Aggregator Device)
[    1.645531] ACPI: Executed 1 blocks of module-level executable AML code
[    1.650511] ACPI: Interpreter enabled
[    1.656368] ACPI: (supports S0 S5)
[    1.665245] ACPI: Using IOAPIC for interrupt routing
[    1.668283] PCI: Using host bridge windows from ACPI; if necessary, use "pci=nocrs" and report a bug
[    1.687437] ACPI: PCI Root Bridge [PCI0] (domain 0000 [bus 00-ff])
[    1.690138] acpi PNP0A03:00: _OSC: OS supports [ASPM ClockPM Segments MSI]
[    1.692453] acpi PNP0A03:00: _OSC: not requesting OS control; OS requires [ExtendedConfig ASPM ClockPM MSI]
[    1.695611] acpi PNP0A03:00: fail to add MMCONFIG information, can't access extended PCI configuration space under this bridge.
[    1.699491] PCI host bridge to bus 0000:00
[    1.700800] pci_bus 0000:00: root bus resource [io  0x0000-0x0cf7 window]
[    1.702761] pci_bus 0000:00: root bus resource [io  0x0d00-0xffff window]
[    1.704911] pci_bus 0000:00: root bus resource [mem 0x000a0000-0x000bffff window]
[    1.707255] pci_bus 0000:00: root bus resource [mem 0x40000000-0xfdffffff window]
[    1.709641] pci_bus 0000:00: root bus resource [bus 00-ff]
[    1.714545] pci 0000:00:01.1: legacy IDE quirk: reg 0x10: [io  0x01f0-0x01f7]
[    1.727149] pci 0000:00:01.1: legacy IDE quirk: reg 0x14: [io  0x03f6]
[    1.729809] pci 0000:00:01.1: legacy IDE quirk: reg 0x18: [io  0x0170-0x0177]
[    1.732435] pci 0000:00:01.1: legacy IDE quirk: reg 0x1c: [io  0x0376]
[    1.757207] pci 0000:00:07.0: quirk: [io  0x4000-0x403f] claimed by PIIX4 ACPI
[    1.772157] pci 0000:00:07.0: quirk: [io  0x4100-0x410f] claimed by PIIX4 SMB
[    1.800234] ACPI: PCI Interrupt Link [LNKA] (IRQs 5 9 10 *11)
[    1.806904] ACPI: PCI Interrupt Link [LNKB] (IRQs 5 9 *10 11)
[    1.822110] ACPI: PCI Interrupt Link [LNKC] (IRQs 5 *9 10 11)
[    1.825147] ACPI: PCI Interrupt Link [LNKD] (IRQs 5 9 10 *11)
[    1.834120] ACPI: Enabled 2 GPEs in block 00 to 07
[    1.845365] vgaarb: setting as boot device: PCI:0000:00:02.0
[    1.852106] vgaarb: device added: PCI:0000:00:02.0,decodes=io+mem,owns=io+mem,locks=none
[    1.872904] vgaarb: loaded
[    1.874451] vgaarb: bridge control possible 0000:00:02.0
[    1.877746] SCSI subsystem initialized
[    1.884674] ACPI: bus type USB registered
[    1.897241] usbcore: registered new interface driver usbfs
[    1.901092] usbcore: registered new interface driver hub
[    1.908552] usbcore: registered new device driver usb
[    1.914301] PCI: Using ACPI for IRQ routing
[    1.920871] NetLabel: Initializing
[    1.922169] NetLabel:  domain hash size = 128
[    1.932289] NetLabel:  protocols = UNLABELED CIPSOv4
[    1.934630] NetLabel:  unlabeled traffic allowed by default
[    1.936742] amd_nb: Cannot enumerate AMD northbridges
[    1.938326] clocksource: Switched to clocksource kvm-clock
[    1.955076] AppArmor: AppArmor Filesystem Enabled
[    1.958650] pnp: PnP ACPI init
[    1.966885] pnp: PnP ACPI: found 3 devices
[    1.980759] locksurce: acpi_pm: mak: 0xffffff max_cycles: 0xffffff, max_idle_ns: 2085701024 ns
[    2.056398] NET: Registered protocol family 2

[    2.058565] TCP established hash table entries: 8192 (order: 4, 65536 bytes)
[    2.061961] TCP bind hash table entries: 8192 (order: 5, 131072 bytes)
[    2.065343] TCP: Hash tables configured (established 8192 bind 8192)
[    2.068239] UDP hash table entries: 512 (der: 2, 16384 bytes)
[    2.15645 UDP-Lte hash table entries: 512 (order: 2, 16384 bytes)
[    2.231469] NET: Registered protocol family 1
[    2.233288] pci 0000:00:00.0: Limiting direct PCI/PCI transfers
[    2.235697] pci 0000:00:01.0: Activating ISA DMA hang workarounds
[    2.238309] Unpacking initramfs...

[    2.480434] Freeing initrd memory: 14792K
[    2.483292] RAPL PMU detected, API unit is 2^-32 Joules, 4 fixed counters 10737418240 ms ovfl timer
[    2.487843] hw unit of domain pp0-core 2^-0 Joules
[    2.492185] hw unit of domain package 2^-0 Joules
[    2.493977] hw unit of domain dram 2^-0 Joules
[    2.499900] hw unit of domain pp1-gpu 2^-0 Joules
[    2.501755] platform rtc_cmos: registered platform RTC device (no PNP device found)
[    2.512733] Scanning for low memory corruption every 60 seconds
[    2.517901] audit: initializing netlink subsys (disabled)
[    2.527345] audit: type=2000 audit(1538129796.887:1): initialized
[    2.539947] Initialise system trusted keyring
[    2.541857] HugeTLB registered 2 MB page size, pre-allocated 0 pages
[    2.557017] zbud: loaded
[    2.560275] VFS: Disk quotas dquot_6.6.0
[    2.561946] VFS: Dquot-cache hash table entries: 512 (order 0, 4096 bytes)
[    2.579573] squashfs: version 4.0 (2009/01/31) Phillip Lougher
[    2.607869] fuse init (API version 7.23)
[    2.613350] Key type big_key registered
[    2.629097] Allocating IMA MOK and blacklist keyring.

[    2.666685] Key type asymmetric registered
[    2.668008] Asymmetric key parser 'x509' registered
[    2.669534] Block layer SCSI generic (bsg) driver version 0.4 loaded (major 249)
[    2.672382] io scheduler noop registered
[    2.679480] io scheduler deadline registered (default)
[    2.699350] io scheduler cfq registered
[    2.711674] pci_hotplug: PCI Hot Plug PCI Core version: 0.5
[    2.713869] pciehp: PCI Express Hot Plug Controller Driver version: 0.4
[    2.718089] ACPI: AC Adapter [AC] (off-line)
[    2.720105] input: Power Button as /devices/LNXSYSTM:00/LNXPWRBN:00/input/input0
[    2.723396] ACPI: Power Button [PWRF]
[    2.725042] input: Sleep Button as /devices/LNXSYSTM:00/LNXSLPBN:00/input/input1
[    2.727689] ACPI: Sleep Button [SLPF]
[    2.729556] GHES: HEST is not enabled!
[    2.730911] ACPI: Battery Slot [BAT0] (battery present)
[    2.733573] Serial: 8250/16550 driver, 32 ports, IRQ sharing enabled
[    2.763646] 00:02: ttyS0 at I/O 0x3f8 (irq = 4, base_baud = 115200) is a 16550A
[    2.774966] Linux agpgart interface v0.103
[    2.778593] loop: module loaded
[    2.780373] scsi host0: ata_piix
[    2.781643] scsi host1: ata_piix
[    2.782889] ata1: PATA max UDMA/33 cmd 0x1f0 ctl 0x3f6 bmdma 0xd000 irq 14
[    2.784946] ata2: PATA max UDMA/33 cmd 0x170 ctl 0x376 bmdma 0xd008 irq 15
[    2.787600] libphy: Fixed MDIO Bus: probed
[    2.789846] tun: Universal TUN/TAP device driver, 1.6
[    2.791989] tun: (C) 1999-2004 Max Krasnyansky <maxk@qualcomm.com>
[    2.805831] PPP generic driver version 2.4.2
[    2.827483] ehci_hcd: USB 2.0 'Enhanced' Host Controller (EHCI) Driver
[    2.830380] ehci-pci: EHCI PCI platform driver
[    2.832244] ehci-platform: EHCI generic platform driver
[    2.834648] ohci_hcd: USB 1.1 'Open' Host Controller (OHCI) Driver
[    2.848302] ohci-pci: OHCI PCI platform driver
[    2.850300] ohci-platform: OHCI generic platform driver
[    2.852008] uhci_hcd: USB Universal Host Controller Interface driver
[    2.853966] i8042: PNP: PS/2 Controller [PNP0303:PS2K,PNP0f03:PS2M] at 0x60,0x64 irq 1,12
[    2.857177] serio: i8042 KBD port at 0x60,0x64 irq 1
[    2.858711] serio: i8042 AUX port at 0x60,0x64 irq 12
[    2.860641] mousedev: PS/2 mouse device common for all mice
[    2.862812] input: AT Translated Set 2 keyboard as /devices/platform/i8042/serio0/input/input2
[    2.866073] rtc_cmos rtc_cmos: rtc core: registered rtc_cmos as rtc0
[    2.868561] rtc_cmos rtc_cmos: alarms up to one day, 114 bytes nvram
[    2.871090] i2c /dev entries driver
[    2.872300] device-mapper: uevent: version 1.0.3
[    2.873907] device-mapper: ioctl: 4.34.0-ioctl (2015-10-28) initialised: dm-devel@redhat.com
[    2.876674] ledtrig-cpu: registered to indicate activity on CPUs
[    2.879070] NET: Registered protocol family 10
[    2.880699] NET: Registered protocol family 17
[    2.882096] Key type dns_resolver registered
[    2.884531] registered taskstats version 1
[    2.885921] Loading compiled-in X.509 certificates
[    2.888394] Loaded X.509 cert 'Build time autogenerated kernel key: 4eb3d024ac16f76c1747ffd474694c84db21038b'
[    2.892088] zswap: loaded using pool lzo/zbud
[    2.895824] Key type trusted registered
[    2.902054] Key type encrypted registered
[    2.923437] AppArmor: AppArmor sha1 policy hashing enabled
[    2.931189] ima: No TPM chip found, activating TPM-bypass!
[    2.933184] ima: Allocated hash algorithm: sha1
[    2.936291] evm: HMAC attrs: 0x1
[    2.944203]   Magic number: 2:901:275
[    2.948165] tty tty12: hash matches
[    2.959561] rtc_cmos rtc_cmos: setting system clock to 2018-09-28 10:16:33 UTC (1538129793)
[    2.965904] BIOS EDD facility v0.16 2004-Jun-25, 0 devices found
[    2.976152] EDD information not available.
[    2.981094] Freeing unused kernel memory: 1516K
[    2.998908] Write protecting the kernel read-only data: 14336k
[    3.291821] Freeing unused kernel memory: 1672K
[    3.294173] Freeing unused kernel memory: 92K
[    4.219980] tsc: Refined TSC clocksource calibration: 1800.266 MHz
[    4.296943] clocksource: tsc: mask: 0xffffffffffffffff max_cycles: 0x19f324fd5d6, max_idle_ns: 440795276816 ns
Loading, please wait...
starting version 229
[    4.318506] random: systemd-udevd: uninitialized urandom read (16 bytes read, 7 bits of entropy available)
[    4.318709] random: udevadm: uninitialized urandom read (16 bytes read, 7 bits of entropy available)
[    4.318742] random: udevadm: uninitialized urandom read (16 bytes read, 7 bits of entropy available)
[    4.331354] random: udevadm: uninitialized urandom read (16 bytes read, 7 bits of entropy available)
[    4.331420] random: udevadm: uninitialized urandom read (16 bytes read, 7 bits of entropy available)
[    4.331743] random: udevadm: uninitialized urandom read (16 bytes read, 7 bits of entropy available)
[    4.331856] random: udevadm: uninitialized urandom read (16 bytes read, 7 bits of entropy available)
[    4.331935] random: udevadm: uninitialized urandom read (16 bytes read, 7 bits of entropy available)
[    4.332013] random: udevadm: uninitialized urandom read (16 bytes read, 7 bits of entropy available)
[    4.332085] random: udevadm: uninitialized urandom read (16 bytes read, 7 bits of entropy available)
[    4.487977] Fusion MPT base driver 3.04.20
[    4.489423] Copyright (c) 1999-2008 LSI Corporation
[    4.492898] e1000: Intel(R) PRO/1000 Network Driver - version 7.3.21-k8-NAPI
[    4.495664] e1000: Copyright (c) 1999-2006 Intel Corporation.
[    4.528675] AVX2 version of gcm_enc/dec engaged.
[    4.530758] AES CTR mode by8 optimization enabled
[    4.532870] Fusion MPT SPI Host driver 3.04.20
[    4.691805] input: ImExPS/2 Generic Explorer Mouse as /devices/platform/i8042/serio1/input/input4
[    4.937561] e1000 0000:00:03.0 eth0: (PCI:33MHz:32-bit) 02:1d:76:b3:3c:fe
[    4.955346] e1000 0000:00:03.0 eth0: Intel(R) PRO/1000 Network Connection
[    4.965476] mptbase: ioc0: Initiating bringup
[    5.046676] ioc0: LSI53C1030 A0: Capabilities={Initiator}
[    5.219125] scsi host2: ioc0: LSI53C1030 A0, FwRev=00000000h, Ports=1, MaxQ=256, IRQ=20
[    5.331763] scsi 2:0:0:0: Direct-Access     VBOX     HARDDISK         1.0  PQ: 0 ANSI: 5
[    5.349087] scsi target2:0:0: Beginning Domain Validation
[    5.355031] scsi target2:0:0: Domain Validation skipping write tests
[    5.356939] scsi target2:0:0: Ending Domain Validation
[    5.358689] scsi target2:0:0: asynchronous
[    5.366562] scsi 2:0:1:0: Direct-Access     VBOX     HARDDISK         1.0  PQ: 0 ANSI: 5
[    5.380860] scsi target2:0:1: Beginning Domain Validation
[    5.384683] scsi target2:0:1: Domain Validation skipping write tests
[    5.386760] scsi target2:0:1: Ending Domain Validation
[    5.388515] scsi target2:0:1: asynchronous
[    5.403358] sd 2:0:0:0: Attached scsi generic sg0 type 0
[    5.405931] sd 2:0:0:0: [sda] 20971520 512-byte logical blocks: (10.7 GB/10.0 GiB)
[    5.409610] sd 2:0:1:0: Attached scsi generic sg1 type 0
[    5.412293] sd 2:0:0:0: [sda] Write Protect is off
[    5.414408] sd 2:0:1:0: [sdb] 20480 512-byte logical blocks: (10.5 MB/10.0 MiB)
[    5.417997] sd 2:0:0:0: [sda] Incomplete mode parameter data
[    5.419876] sd 2:0:0:0: [sda] Assuming drive cache: write through
[    5.423686] sd 2:0:1:0: [sdb] Write Protect is off
[    5.427565] sd 2:0:1:0: [sdb] Incomplete mode parameter data
[    5.429436] sd 2:0:1:0: [sdb] Assuming drive cache: write through
[    5.435168]  sda: sda1
[    5.437267] sd 2:0:0:0: [sda] Attached SCSI disk
[    5.439928] sd 2:0:1:0: [sdb] Attached SCSI disk
[    5.805390] e1000 0000:00:08.0 eth1: (PCI:33MHz:32-bit) 08:00:27:5a:2b:f1
[    5.815951] e1000 0000:00:08.0 eth1: Intel(R) PRO/1000 Network Connection
[    5.820095] e1000 0000:00:08.0 enp0s8: renamed from eth1
[    5.831160] e1000 0000:00:03.0 enp0s3: renamed from eth0
Begin: Loading essential drivers ... [    7.187428] md: linear personality registered for level -1
[    7.202269] md: multipath personality registered for level -4
[    7.213233] md: raid0 personality registered for level 0
[    7.220240] md: raid1 personality registered for level 1
[    7.298462] raid6: sse2x1   gen()  9083 MB/s
[    7.370922] raid6: sse2x1   xor()  6817 MB/s
[    7.454727] raid6: sse2x2   gen() 11205 MB/s
[    7.530548] raid6: sse2x2   xor()  7413 MB/s
[    7.602415] raid6: sse2x4   gen() 12885 MB/s
[    7.674344] raid6: sse2x4   xor()  8894 MB/s
[    7.742862] raid6: avx2x1   gen() 14644 MB/s
[    7.810566] raid6: avx2x2   gen()  6541 MB/s
[    7.886577] raid6: avx2x4   gen() 15946 MB/s
[    7.898998] raid6: using algorithm avx2x4 gen() 15946 MB/s
[    7.904540] raid6: using avx2x2 recovery algorithm
[    7.910243] xor: automatically using best checksumming function:
[    7.950330]    avx       : 20673.000 MB/sec
[    7.958307] async_tx: api initialized (async)
[    7.971098] md: raid6 personality registered for level 6
[    7.973278] md: raid5 personality registered for level 5
[    7.975761] md: raid4 personality registered for level 4
[    7.986420] md: raid10 personality registered for level 10
done.
Begin: Running /scripts/init-premount ... done.
Begin: Mounting root file system ... Begin: Running /scripts/local-top ... done.
Begin: Running /scripts/local-premount ... [    8.031696] Btrfs loaded
Scanning for Btrfs filesystems
done.
Warning: fsck not present, so skipping root file system
[    8.090341] EXT4-fs (sda1): mounted filesystem with ordered data mode. Opts: (null)
done.
Begin: Running /scripts/local-bottom ... done.
Begin: Running /scripts/init-bottom ... done.
[    8.199426] systemd[1]: systemd 229 running in system mode. (+PAM +AUDIT +SELINUX +IMA +APPARMOR +SMACK +SYSVINIT +UTMP +LIBCRYPTSETUP +GCRYPT +GNUTLS +ACL +XZ -LZ4 +SECCOMP +BLKID +ELFUTILS +KMOD -IDN)
[    8.204746] systemd[1]: Detected virtualization oracle.
[    8.206343] systemd[1]: Detected architecture x86-64.

Welcome to [1mUbuntu 16.04.5 LTS[0m!

[    8.219053] systemd[1]: Set hostname to <ubuntu>.
[    8.227772] systemd[1]: Initializing machine ID from random generator.
[    8.231182] systemd[1]: Installed transient /etc/machine-id file.
[    8.396319] systemd[1]: Listening on udev Control Socket.
[[0;32m  OK  [0m] Listening on udev Control Socket.
[    8.411613] systemd[1]: Reached target System Time Synchronized.
[[0;32m  OK  [0m] Reached target System Time Synchronized.
[    8.426817] systemd[1]: Reached target Swap.
[[0;32m  OK  [0m] Reached target Swap.
[    8.435840] systemd[1]: Reached target User and Group Name Lookups.
[[0;32m  OK  [0m] Reached target User and Group Name Lookups.
[    8.450724] systemd[1]: Listening on Device-mapper event daemn FIFOs.

[[0;32m  OK  [0m] Listening on Device-mapper event daemon FIFOs.
[    8.488281] systemd[1]: Reached target Encrypted Volumes.
[[0;32m  OK  [0m] Reached target Encrypted Volumes.
[    8.503879] systemd[1]: Set up automount Arbitrary Executable File Formats File System Automount Point.
[[0;32m  OK  [0m] Set up automount Arbitrary Executab...ats File System Automount Point.
[    8.516809] systemd[1]: Listening on LVM2 poll daemon socket.
[[0;32m  OK  [0m] Listening on LVM2 poll daemon socket.
[    8.524449] systemd[1]: Listening on /dev/initctl Compatibility Named Pipe.
[[0;32m  OK  [0m] Listening on /dev/initctl Compatibility Named Pipe.
[    8.535852] systemd[1]: Listening on Journal Socket (/dev/log).
[[0;32m  OK  [0m] Listening on Journal Socket (/dev/log).
[    8.547809] systemd[1]: Listening on LVM2 metadata daemon socket.
[[0;32m  OK  [0m] Listening on LVM2 metadata daemon socket.
[    8.563802] systemd[1]: Created slice System Slice.
[[0;32m  OK  [0m] Created slice System Slice.
[    8.576267] systemd[1]: Created slice system-serial\x2dgetty.slice.
[[0;32m  OK  [0m] Created slice system-serial\x2dgetty.slice.
[    8.594959] systemd[1]: Listening on Journal Socket.
[[0;32m  OK  [0m] Listening on Journal Socket.
[    8.624948] systemd[1]: Mounting POSIX Message Queue File System...
         Mounting POSIX Message Queue File System...
[    8.636742] systemd[1]: Mounting Huge Pages File System...
         Mounting Huge Pages File System...
[    8.656433] systemd[1]: Starting Load Kernel Modules...
         Starting Load Kernel Modules...
[    8.664241] systemd[1]: Starting Remount Root and Kernel File Systems...
[    8.667332] Loading iSCSI transport class v2.0-870.
         Starting Remount Root and Kernel File Systems...
[    8.672417] systemd[1]: Starting Create list of required static device nodes for the current kernel...
         Starting Create list of required st... nodes for the current kernel...
[    8.681815] EXT4-fs (sda1): re-mounted. Opts: (null)
[    8.685523] iscsi: registered transport (tcp)
[    8.686785] systemd[1]: Starting Set console keymap...
         Starting Set console keymap...
[    8.696616] systemd[1]: Starting Nameserver information manager...
         Starting Nameserver information manager...
[    8.706291] systemd[1]: Listening on udev Kernel Socket.
[[0;32m  OK  [0m] Listening on udev Kernel Socket.
[    8.715717] systemd[1]: Mounting Debug File System...
         Mounting Debug File System...
[    8.722206] systemd[1]: Started Trigger resolvconf update for networkd DNS.
[[0;32m  OK  [0m] Started Trigger resolvconf update for networkd DNS.
[    8.729606] systemd[1]: Listening on Journal Audit Socket.
[[0;32m  OK  [0m] Listening on Journal Audit Socket.
[    8.748100] iscsi: registered transport (iser)
[    8.750768] systemd[1]: Starting Uncomplicated firewall...
         Starting Uncomplicated firewall...
[    8.760039] systemd[1]: Starting Monitoring of LVM2 mirrors, snapshots etc. using dmeventd or progress polling...
         Starting Monitoring of LVM2 mirrors... dmeventd or progress polling...
[    8.783114] systemd[1]: Listening on Syslog Socket.
[[0;32m  OK  [0m] Listening on Syslog Socket.
[    8.810952] systemd[1]: Starting Journal Service...
         Starting Journal Service...
[    8.823216] systemd[1]: Started Forward Password Requests to Wall Directory Watch.
[[0;32m  OK  [0m] Started Forward Password Requests to Wall Directory Watch.
[    8.834688] systemd[1]: Created slice User and Session Slice.
[[0;32m  OK  [0m] Created slice User and Session Slice.
[    8.840139] systemd[1]: Reached target Slices.
[[0;32m  OK  [0m] Reached target Slices.
[    8.854980] systemd[1]: Mounted Debug File System.
[[0;32m  OK  [0m] Mounted Debug File System.
[    8.863773] systemd[1]: Mounted Huge Pages File System.
[[0;32m  OK  [0m] Mounted Huge Pages File System.
[    8.871945] systemd[1]: Mounted POSIX Message Queue File System.
[[0;32m  OK  [0m] Mounted POSIX Message Queue File System.
[    8.877922] systemd[1]: Started Journal Service.
[[0;32m  OK  [0m] Started Journal Service.
[[0;32m  OK  [0m] Started Load Kernel Modules.
[[0;32m  OK  [0m] Started Remount Root and Kernel File Systems.
[[0;32m  OK  [0m] Started Create list of required sta...ce nodes for the current kernel.
[[0;32m  OK  [0m] Started Set console keymap.
[    8.944949] random: nonblocking pool is initialized
[[0;32m  OK  [0m] Started Uncomplicated firewall.
[[0;32m  OK  [0m] Started Nameserver information manager.
[[0;32m  OK  [0m] Started LVM2 metadata daemon.
         Starting Create Static Device Nodes in /dev...
         Starting Load/Save Random Seed...
         Starting udev Coldplug all Devices...
         Starting Apply Kernel Variables...
         Mounting FUSE Control File System...
         Starting Flush Journal to Persistent Storage...
[[0;32m  OK  [0m] Mounted FUSE Control File System.
[[0;32m  OK  [0m] Started Create Static Device Nodes in /dev.
[[0;32m  OK  [0m] Started Load/Save Random Seed.
[[0;32m  OK  [0m] Started Apply Kernel Variables.
[[0;32m  OK  [0m] Started udev Coldplug all Devices.
[[0;32m  OK  [0m] Started Flush Journal to Persistent Storage.
         Starting udev Kernel Device Manager...
[[0;32m  OK  [0m] Started udev Kernel Device Manager.
[[0;32m  OK  [0m] Started Dispatch Password Requests to Console Directory Watch.
[[0;32m  OK  [0m] Found device /dev/ttyS0.
[[0;32m  OK  [0m] Listening on Load/Save RF Kill Switch Status /dev/rfkill Watch.
[[0;32m  OK  [0m] Started Monitoring of LVM2 mirrors,...ng dmeventd or progress polling.
[[0;32m  OK  [0m] Reached target Local File Systems (Pre).
[[0;32m  OK  [0m] Reached target Local File Systems.
         Starting Commit a transient machine-id on disk...
         Starting Initial cloud-init job (pre-networking)...
         Starting Create Volatile Files and Directories...
         Starting Tell Plymouth To Write Out Runtime Data...
         Starting LSB: AppArmor initialization...
         Starting Set console font and keymap...
[[0;32m  OK  [0m] Started Commit a transient machine-id on disk.
[[0;32m  OK  [0m] Started Create Volatile Files and Directories.
[[0;32m  OK  [0m] Started Tell Plymouth To Write Out Runtime Data.
         Starting Update UTMP about System Boot/Shutdown...
[[0;32m  OK  [0m] Started Update UTMP about System Boot/Shutdown.
[[0;32m  OK  [0m] Started Set console font and keymap.
[[0;32m  OK  [0m] Created slice system-getty.slice.
[   10.086368] cloud-init[599]: Cloud-init v. 18.3-9-g2e62cb8a-0ubuntu1~16.04.2 running 'init-local' at Fri, 28 Sep 2018 10:16:41 +0000. Up 9.48 seconds.
[[0;32m  OK  [0m] Started LSB: AppArmor initialization.
[[0;32m  OK  [0m] Started Initial cloud-init job (pre-networking).
[[0;32m  OK  [0m] Reached target Network (Pre).
         Starting Raise network interfaces...
[[0;32m  OK  [0m] Started Raise network interfaces.
         Starting Initial cloud-init job (metadata service crawler)...
[[0;32m  OK  [0m] Reached target Network.
[   12.672997] cloud-init[939]: Cloud-init v. 18.3-9-g2e62cb8a-0ubuntu1~16.04.2 running 'init' at Fri, 28 Sep 2018 10:16:43 +0000. Up 11.19 seconds.
[   12.683834] cloud-init[939]: ci-info: ++++++++++++++++++++++++++++++++++++++Net device info+++++++++++++++++++++++++++++++++++++++
[   12.693886] cloud-init[939]: ci-info: +--------+-------+----------------------------+---------------+--------+-------------------+
[   12.712792] cloud-init[939]: ci-info: | Device |   Up  |          Address           |      Mask     | Scope  |     Hw-Address    |
[   12.732737] cloud-init[939]: ci-info: +--------+-------+----------------------------+---------------+--------+-------------------+
[   12.764891] cloud-init[939]: ci-info: | enp0s3 |  True |         10.0.2.15          | 255.255.255.0 | global | 02:1d:76:b3:3c:fe |
[   12.773027] cloud-init[939]: ci-info: | enp0s3 |  True | fe80::1d:76ff:feb3:3cfe/64 |       .       |  link  | 02:1d:76:b3:3c:fe |
[   12.796444] cloud-init[939]: ci-info: | enp0s8 | False |             .              |       .       |   .    | 08:00:27:5a:2b:f1 |
[   12.823929] cloud-init[939]: ci-info: |   lo   |  True |         127.0.0.1          |   255.0.0.0   |  host  |         .         |
[   12.836217] cloud-init[939]: ci-info: |   lo   |  True |          ::1/128           |       .       |  host  |         .         |
[   12.860529] [cloud-init[0;32m  OK  [0m[939]: ] ci-info: +--------+-------+----------------------------+---------------+--------+-------------------+Started Initial cloud-init job (metadata service crawler).

[   12.862520] cloud-init[939]: [[0;32m  OK  [0m] Reached target System Initialization.
ci-info: +++++++++++++++++++++++++++Route IPv4 info++++++++++++++++++++++++++++[[0;32m  OK  [0m] Started ACPI Events Check.

[   12.899808] [[0;32m  OK  [0m] Reached target Paths.
cloud-init[939]: ci-info: +-------+-------------+----------+---------------+-----------+-------+
[   12.934512]          Starting LXD - unix socket.
[[0;32m  OK  [0m] Started Daily apt download activities.
[[0;32m  OK  [0m] Started Daily apt upgrade and clean activities.
[[0;32m  OK  [0m] Listening on UUID daemon activation socket.
cloud-init[939]: ci-info: | Route | Destination | Gateway  |    Genmask    | Interface | Flags |
[   12.945870] [[0;32m  OK  [0m] Listening on D-Bus System Message Bus Socket.
[[0;32m  OK  [0m] Listening on ACPID Listen Socket.
         Starting Socket activation for snappy daemon.
[[0;32m  OK  [0m] Started Daily Cleanup of Temporary Directories.
[[0;32m  OK  [0m] Reached target Timers.
[[0;32m  OK  [0m] Reached target Cloud-config availability.
cloud-init[939]: ci-info: +-------+-------------+----------+---------------+-----------+-------+
[   12.989054] [cloud-init[0;32m  OK  [0m[939]: ] ci-info: |   0   |   0.0.0.0   | 10.0.2.2 |    0.0.0.0    |   enp0s3  |   UG  |Reached target Network is Online.

[   12.990645] cloud-init[939]: ci-info: |   1   |   10.0.2.0  | 0.0.0.0  | 255.255.255.0 |   enp0s3  |   U   |
[   13.081719]          Starting iSCSI initiator daemon (iscsid)...
[[0;32m  OK  [0m] Listening on LXD - unix socket.
[[0;32m  OK  [0m] Listening on Socket activation for snappy daemon.
cloud-init[939]: ci-info: +-------+-------------+----------+---------------+-----------+-------+
[   13.108574] cloud-init[939]: ci-info: +++++++++++++++++++Route IPv6 info+++++++++++++++++++
[   13.141239] cloud-init[939]: ci-info: +-------+-------------+---------+-----------+-------+
[   13.165544] cloud-init[939]: ci-info: | Route | Destination | Gateway | Interface | Flags |
[   13.189914] cloud-init[939]: ci-info: +-------+-------------+---------+-----------+-------+
[   13.204504] cloud-init[939]: ci-info: |   0   |  fe80::/64  |    ::   |   enp0s3  |   U   |
[[0;32m  OK  [0m] Started iSCSI initiator daemon (iscsid).
[   13.216643] cloud-init[939]: ci-info: |   3   |   ff00::/8  |    ::   |   enp0s3  |   U   |
[   13.262654] cloud-init[939]: ci-info: +-------+-------------+---------+-----------+-------+
         Starting Login to default iSCSI targets...
[   13.265028] [[0;32m  OK  [0m] Reached target Sockets.
cloud-init[939]: Generating public/private rsa key pair.
[   13.294504] [cloud-init[0;32m  OK  [0m[939]: ] Your identification has been saved in /etc/ssh/ssh_host_rsa_key.Reached target Basic System.

         Starting LSB: MD monitoring daemon...
[   13.323521] cloud-init[939]: [[0;32m  OK  [0m] Started D-Bus System Message Bus.Your public key has been saved in /etc/ssh/ssh_host_rsa_key.pub.
[   13.349016] cloud-init[939]: The key fingerprint is:
[   13.349584] cloud-init[939]: SHA256:iycC4VJTf8IuWGouY9QwDfKEnG35a9RP1bppzY8pJWY root@ubuntu-xenial
[   13.352197] cloud-init[939]: The key's randomart image is:
[   13.352288] cloud-init[939]: +---[RSA 2048]----+
[   13.352359] cloud-init[939]: |oo+ o       .    |
[   13.352465] cloud-init[939]: |o=o= o     . .   |
[   13.352550] cloud-init[939]: | o*.o = . . .    |
[   13.352649] cloud-init[939]: | o+* + + . .     |
[   13.352738] cloud-init[939]: |..*.o o S   =    |
[   13.352811] cloud-init[939]: |.+ . + . o E +   |
[   13.352885] cloud-init[939]: |o.. o o o + o +  |
[   13.352962] cloud-init[939]: |.o   . o   . o . |
[   13.353050] cloud-init[939]: |            .    |
[   13.353120] cloud-init[939]: +----[SHA256]-----+
[   13.353199] cloud-init[939]: Generating public/private dsa key pair.
[   13.353288] cloud-init[939]: Your identification has been saved in /etc/ssh/ssh_host_dsa_key.
[   13.353371] cloud-init[939]: Your public key has been saved in /etc/ssh/ssh_host_dsa_key.pub.
[   13.353445] cloud-init[939]: The key fingerprint is:
[   13.353515] cloud-init[939]: SHA256:bRcwqSXArC2dPOgfbQIgUf5pPRMvcfjjbQ/xM+XwElw root@ubuntu-xenial
[   13.353580] cloud-init[939]: The key's randomart image is:
[   13.353643] cloud-init[939]: +---[DSA 1024]----+
[   13.353708] cloud-init[939]: |.o.  o..  o.     |
[   13.353816] cloud-init[939]: |...   o.. oo     |
[   13.353896] cloud-init[939]: | ... *+..+  . E  |
[   13.353972] cloud-init[939]: |   .=o**.. . o   |
[   13.354182] cloud-init[939]: |   .+o=oS + = .  |
[   13.354260] cloud-init[939]: |   .. o=o+ + *   |
[   13.354631] cloud-init[939]: |     . +. + = o  |
[   13.354745] cloud-init[939]: |      .  . o +   |
[   13.354812] cloud-init[939]: |            .    |
[   13.354878] cloud-init[939]: +----[SHA256]-----+
[   13.354942] cloud-init[939]: Generating public/private ecdsa key pair.
[   13.355008] cloud-init[939]: Your identification has been saved in /etc/ssh/ssh_host_ecdsa_key.
[   13.355084] cloud-init[939]: Your public key has been saved in /etc/ssh/ssh_host_ecdsa_key.pub.
[   13.355149] cloud-init[939]: The key fingerprint is:
[   13.355216] cloud-init[939]: SHA256:bH7Dtp0r6H1GR320cRjTqzj+zGeD7b9I0Pd5orlokRg root@ubuntu-xenial
[   13.355280] cloud-init[939]: The key's randomart image is:
[   13.355344] cloud-init[939]: +---[ECDSA 256]---+
[   13.355410] cloud-init[939]: |              o+ |

[   13.356292] cloud-init[939]: |              .o+|
[   13.928536] cloud-init[939]: |               o=|
[   13.938745] cloud-init[939]: |       .E   . .oo|
[   13.946056] cloud-init[939]: |        So o.o...|
[   13.953045] cloud-init[939]: |       o..ooo.o o|
[   13.960211] cloud-init[939]: |        ..*o.o+.o|
[   13.967306] cloud-init[939]: |        .+o**=.*.|
[   13.972602] cloud-init[939]: |       ...++OB+o=|
[   13.980953] cloud-init[939]: +----[SHA256]-----+
[   13.999194] cloud-init[939]: Generating public/private ed25519 key pair.
[   13.999951] cloud-init[939]: Your identification has been saved in /etc/ssh/ssh_host_ed25519_key.
[   14.002716] cloud-init[939]: Your public key has been saved in /etc/ssh/ssh_host_ed25519_key.pub.
[   14.005805] cloud-init[939]: The key fingerprint is:
         Starting Login Service...
[   14.006270] cloud-init[939]: SHA256:P0w8YoKgqy5nE/g7CADRYF8zovrV/47b8nlK/FtoG3A root@ubuntu-xenial
[   14.040443] cloud-init[939]: The key's randomart image is:
[   14.060739] cloud-init[939]: +--[ED25519 256]--+
[   14.062017] cloud-init[939]: |o= . +           |
         Starting Virtualbox guest utils...
[   14.062885] cloud-init[939]: |o + o o          |
[[0;32m  OK  [0m] Started Regular background program processing daemon.
[   14.091752] cloud-init[939]: |....             |
[   14.120568] cloud-init[939]: |o. . o   .       |
[   14.126910] cloud-init[939]: |+.  o o S = E    |
[   14.149182] [cloud-init[0;32m  OK  [0m[939]: ] |oo..   + * + .   |Started Deferred execution scheduler.

[   14.150421] cloud-init[939]: |oo..    . * + .  |
[   14.176886] cloud-init[939]: |+ *     .= =.+   |
[   14.180003] cloud-init[939]: |++.+    o=Bo+.   |
[   14.185949] cloud-init[939]: +----[SHA256]-----+
[[0;32m  OK  [0m] Started ACPI event daemon.
[[0;32m  OK  [0m] Started FUSE filesystem for LXC.
         Starting Snappy daemon...
         Starting System Logging Service...
[[0;32m  OK  [0m] Started Unattended Upgrades Shutdown.
         Starting /etc/rc.local Compatibility...
         Starting Accounts Service...
         Starting Pollinate to seed the pseudo random number generator...
         Starting LSB: Record successful boot for GRUB...
         Starting LXD - container startup/shutdown...
[[0;32m  OK  [0m] Started System Logging Service.
[[0;32m  OK  [0m] Started Snappy daemon.
[[0;32m  OK  [0m] Started /etc/rc.local Compatibility.
[[0;32m  OK  [0m] Started LSB: MD monitoring daemon.
[[0;32m  OK  [0m] Started LXD - container startup/shutdown.
[[0;32m  OK  [0m] Started Login to default iSCSI targets.
[[0;32m  OK  [0m] Started LSB: Record successful boot for GRUB.
         Starting Authenticate and Authorize Users to Run Privileged Tasks...
[[0;32m  OK  [0m] Reached target Remote File Systems (Pre).
[[0;32m  OK  [0m] Reached target Remote File Systems.
         Starting LSB: automatic crash report generation...
         Starting LSB: daemon to balance interrupts for SMP systems...
         Starting Permit User Sessions...
         Starting LSB: Set the CPU Frequency Scaling governor to "ondemand"...
         Starting Wait until snapd is fully seeded...
[[0;32m  OK  [0m] Started Virtualbox guest utils.
[[0;32m  OK  [0m] Started Permit User Sessions.
[[0;32m  OK  [0m] Started Login Service.
[[0;32m  OK  [0m] Started Authenticate and Authorize Users to Run Privileged Tasks.
[[0;32m  OK  [0m] Started Pollinate to seed the pseudo random number generator.
[[0;32m  OK  [0m] Started Accounts Service.
         Starting OpenBSD Secure Shell server...
         Starting Terminate Plymouth Boot Screen...
         Starting Hold until boot process finishes up...
[[0;32m  OK  [0m] Started LSB: automatic crash report generation.
[[0;32m  OK  [0m] Started LSB: daemon to balance interrupts for SMP systems.
[[0;32m  OK  [0m] Started LSB: Set the CPU Frequency Scaling governor to "ondemand".
[[0;32m  OK  [0m] Started Terminate Plymouth Boot Screen.
[[0;32m  OK  [0m] Started Hold until boot process finishes up.
[[0;32m  OK  [0m] Started OpenBSD Secure Shell server.
[[0;32m  OK  [0m] Started Serial Getty on ttyS0.
[[0;32m  OK  [0m] Started Getty on tty1.
[[0;32m  OK  [0m] Reached target Login Prompts.
         Starting Set console scheme...
[[0;32m  OK  [0m] Started Set console scheme.
[[0;32m  OK  [0m] Created slice User Slice of vagrant.
[[0;32m  OK  [0m] Started Session 1 of user vagrant.
         Starting User Manager for UID 1000...
[[0;32m  OK  [0m] Started User Manager for UID 1000.
[[0;32m  OK  [0m] Started Wait until snapd is fully seeded.
[[0;32m  OK  [0m] Reached target Multi-User System.
[[0;32m  OK  [0m] Reached target Graphical Interface.
         Starting Update UTMP about System Runlevel Changes...
         Starting Apply the settings specified in cloud-config...
[[0;32m  OK  [0m] Started Update UTMP about System Runlevel Changes.
[   16.894777] cloud-init[1331]: Generating locales (this might take a while)...
         Stopping User Manager for UID 1000...
[[0;32m  OK  [0m] Stopped User Manager for UID 1000.
[[0;32m  OK  [0m] Removed slice User Slice of vagrant.
[[0;32m  OK  [0m] Created slice User Slice of vagrant.
         Starting User Manager for UID 1000...
[[0;32m  OK  [0m] Started Session 2 of user vagrant.
[[0;32m  OK  [0m] Started User Manager for UID 1000.
[   18.335782] cloud-init[1331]:   en_US.UTF-8... done
[   18.372807] cloud-init[1331]: Generation complete.
[   18.752615] cloud-init[1331]: Cloud-init v. 18.3-9-g2e62cb8a-0ubuntu1~16.04.2 running 'modules:config' at Fri, 28 Sep 2018 10:16:48 +0000. Up 16.70 seconds.
[[0;32m  OK  [0m] Started Apply the settings specified in cloud-config.
         Starting Execute cloud user/final scripts...
ci-info: no authorized ssh keys fingerprints found for user ubuntu.
<14>Sep 28 10:16:51 ec2: 
<14>Sep 28 10:16:51 ec2: #############################################################
<14>Sep 28 10:16:51 ec2: -----BEGIN SSH HOST KEY FINGERPRINTS-----
<14>Sep 28 10:16:51 ec2: 1024 SHA256:bRcwqSXArC2dPOgfbQIgUf5pPRMvcfjjbQ/xM+XwElw root@ubuntu-xenial (DSA)
<14>Sep 28 10:16:51 ec2: 256 SHA256:bH7Dtp0r6H1GR320cRjTqzj+zGeD7b9I0Pd5orlokRg root@ubuntu-xenial (ECDSA)
<14>Sep 28 10:16:51 ec2: 256 SHA256:P0w8YoKgqy5nE/g7CADRYF8zovrV/47b8nlK/FtoG3A root@ubuntu-xenial (ED25519)
<14>Sep 28 10:16:51 ec2: 2048 SHA256:iycC4VJTf8IuWGouY9QwDfKEnG35a9RP1bppzY8pJWY root@ubuntu-xenial (RSA)
<14>Sep 28 10:16:51 ec2: -----END SSH HOST KEY FINGERPRINTS-----
<14>Sep 28 10:16:51 ec2: #############################################################
-----BEGIN SSH HOST KEY KEYS-----
ecdsa-sha2-nistp256 AAAAE2VjZHNhLXNoYTItbmlzdHAyNTYAAAAIbmlzdHAyNTYAAABBBF5TmnuYtUVHidsz8Dd9RL7xDxSnNUw7EmO6s5Zd13NYzTK6MLwKnLJrzltOIwc1ppNd9sLVAKJdwrIpLavjhbA= root@ubuntu-xenial
ssh-ed25519 AAAAC3NzaC1lZDI1NTE5AAAAIH+ednSbB+FSItoOLDoYB110wMTtiXG0Yr2V+KLUJ1l8 root@ubuntu-xenial
ssh-rsa AAAAB3NzaC1yc2EAAAADAQABAAABAQDUYb1IGQhcsmpR6Ia3H22Gn7JKU0cXGWAb0fV8PcxZVCl5WZ0dSvh1USyJbgysq+4rm4cT4xShRSM+oy9186vPn4s3YCKQ7p7WdBTFMVQMc+lTiOg1zHbOvP1ae2CyGd0AQy1QsT3gQCD+pvPD1xJkeaRDesGNiEB0cq6xiLdr+vPSxvSSQwtAO/UE2AQJL+bB0VvhseDbFLqd2rK52RIwx7Ga36JSa1G8czBg0en/c/DBAupsCQDluJZZdkuB8hlw3raZ9vhMtAuWRzHDDP2sHU+3asklEEDICaKrEv8ETD3awGKUU6ZIN4gs+7pd9Q6tyqBmP6vSFG+XMmhkvcpT root@ubuntu-xenial
-----END SSH HOST KEY KEYS-----
[   19.799513] cloud-init[1552]: Cloud-init v. 18.3-9-g2e62cb8a-0ubuntu1~16.04.2 running 'modules:final' at Fri, 28 Sep 2018 10:16:51 +0000. Up 19.32 seconds.
[   19.865579] cloud-init[1552]: ci-info: no authorized ssh keys fingerprints found for user ubuntu.
[[0;32m  OK  [0m] Started Execute cloud user/final scripts.
[[0;32m  OK  [0m] Reached target Cloud-init target.
[   19.872789] cloud-init[1552]: Cloud-init v. 18.3-9-g2e62cb8a-0ubuntu1~16.04.2 finished at Fri, 28 Sep 2018 10:16:51 +0000. Datasource DataSourceNoCloud [seed=/dev/sdb][dsmode=net].  Up 19.76 seconds

Ubuntu 16.04.5 LTS ubuntu-xenial ttyS0

ubuntu-xenial login: 